0 info it worked if it ends with ok
1 verbose cli [ '/home/rich/.nvm/versions/node/v5.11.1/bin/node',
1 verbose cli   '/home/rich/.nvm/versions/node/v5.11.1/bin/npm',
1 verbose cli   'run',
1 verbose cli   'lint' ]
2 info using npm@3.8.6
3 info using node@v5.11.1
4 verbose run-script [ 'prelint', 'lint', 'postlint' ]
5 info lifecycle piro@1.0.0~prelint: piro@1.0.0
6 silly lifecycle piro@1.0.0~prelint: no script for prelint, continuing
7 info lifecycle piro@1.0.0~lint: piro@1.0.0
8 verbose lifecycle piro@1.0.0~lint: unsafe-perm in lifecycle true
9 verbose lifecycle piro@1.0.0~lint: PATH: /home/rich/.nvm/versions/node/v5.11.1/lib/node_modules/npm/bin/node-gyp-bin:/home/rich/Dev_Academy/piro/node_modules/.bin:/home/rich/.nvm/versions/node/v5.11.1/bin:/usr/local/heroku/bin:/home/rich/.nvm/versions/node/v5.11.1/bin:/usr/local/sbin:/usr/local/bin:/usr/sbin:/usr/bin:/sbin:/bin:/usr/games:/usr/local/games
10 verbose lifecycle piro@1.0.0~lint: CWD: /home/rich/Dev_Academy/piro
11 silly lifecycle piro@1.0.0~lint: Args: [ '-c', 'eslint . -c ./.eslintrc.json' ]
12 silly lifecycle piro@1.0.0~lint: Returned: code: 1  signal: null
13 info lifecycle piro@1.0.0~lint: Failed to exec lint script
14 verbose stack Error: piro@1.0.0 lint: `eslint . -c ./.eslintrc.json`
14 verbose stack Exit status 1
14 verbose stack     at EventEmitter.<anonymous> (/home/rich/.nvm/versions/node/v5.11.1/lib/node_modules/npm/lib/utils/lifecycle.js:239:16)
14 verbose stack     at emitTwo (events.js:100:13)
14 verbose stack     at EventEmitter.emit (events.js:185:7)
14 verbose stack     at ChildProcess.<anonymous> (/home/rich/.nvm/versions/node/v5.11.1/lib/node_modules/npm/lib/utils/spawn.js:24:14)
14 verbose stack     at emitTwo (events.js:100:13)
14 verbose stack     at ChildProcess.emit (events.js:185:7)
14 verbose stack     at maybeClose (internal/child_process.js:850:16)
14 verbose stack     at Process.ChildProcess._handle.onexit (internal/child_process.js:215:5)
15 verbose pkgid piro@1.0.0
16 verbose cwd /home/rich/Dev_Academy/piro
17 error Linux 3.19.0-32-generic
18 error argv "/home/rich/.nvm/versions/node/v5.11.1/bin/node" "/home/rich/.nvm/versions/node/v5.11.1/bin/npm" "run" "lint"
19 error node v5.11.1
20 error npm  v3.8.6
21 error code ELIFECYCLE
22 error piro@1.0.0 lint: `eslint . -c ./.eslintrc.json`
22 error Exit status 1
23 error Failed at the piro@1.0.0 lint script 'eslint . -c ./.eslintrc.json'.
23 error Make sure you have the latest version of node.js and npm installed.
23 error If you do, this is most likely a problem with the piro package,
23 error not with npm itself.
23 error Tell the author that this fails on your system:
23 error     eslint . -c ./.eslintrc.json
23 error You can get information on how to open an issue for this project with:
23 error     npm bugs piro
23 error Or if that isn't available, you can get their info via:
23 error     npm owner ls piro
23 error There is likely additional logging output above.
24 verbose exit [ 1, true ]
